**********普通老师**************
2019-07-23 11:23:46
教工号:2201701	查询本教师所教授的所有课程
*****************************
**********普通老师**************
2019-07-23 11:26:48
教工号:2201701	查询本教师所教授的所有课程
*****************************
**********普通老师**************
2019-07-23 11:26:55
教工号:2201701	按学号查询对应的学生的成绩	学号:201901
*****************************
**********普通老师**************
2019-07-23 11:27:09
教工号:2201701	按学号查询对应的学生的成绩	学号:201902
*****************************
**********普通老师**************
2019-07-23 12:37:02
教工号:2201701	查询本教师所教授的所有课程
*****************************
**********普通老师**************
2019-07-24 10:21:02
教工号:2201701	查询本教师所教授的所有课程
*****************************
